<?xml version="1.0" encoding="UTF-8"?>
<!-- Generated by org.testng.reporters.JUnitReportReporter -->
<testsuite skipped="0" hostname="Ayan" name="test.TestNG_Demo2" tests="1" failures="0" timestamp="23 Feb 2019 20:42:20 GMT" time="18.343" errors="0">
  <testcase name="googleSearch3" time="18.343" classname="test.TestNG_Demo2"/>
</testsuite> <!-- test.TestNG_Demo2 -->
