<?xml version="1.0" encoding="UTF-8"?>
<!-- Generated by org.testng.reporters.JUnitReportReporter -->
<testsuite skipped="0" hostname="Ayan" name="listeners.TestNGListenerDemo" tests="3" failures="0" timestamp="09 Mar 2019 21:39:19 GMT" time="0.017" errors="0">
  <testcase name="test6" time="0.003" classname="listeners.TestNGListenerDemo"/>
  <testcase name="test5" time="0.002" classname="listeners.TestNGListenerDemo"/>
  <testcase name="test4" time="0.012" classname="listeners.TestNGListenerDemo"/>
</testsuite> <!-- listeners.TestNGListenerDemo -->
