<?xml version="1.0" encoding="UTF-8"?>
<!-- Generated by org.testng.reporters.JUnitReportReporter -->
<testsuite skipped="0" hostname="Ayan" name="demo.TestNGPriorityDemo" tests="3" failures="0" timestamp="16 Mar 2019 19:40:50 GMT" time="0.026" errors="0">
  <testcase name="three" time="0.017" classname="demo.TestNGPriorityDemo"/>
  <testcase name="two" time="0.006" classname="demo.TestNGPriorityDemo"/>
  <testcase name="one" time="0.003" classname="demo.TestNGPriorityDemo"/>
</testsuite> <!-- demo.TestNGPriorityDemo -->
